# JRE version: Java(TM) SE Runtime Environment 18.9 (11.0.11+9) (build 11.0.11+9-LTS-194)
# Java VM: Java HotSpot(TM) 64-Bit Server VM 18.9 (11.0.11+9-LTS-194, mixed mode, tiered, compressed oops, g1 gc, windows-amd64)
Heap:
 garbage-first heap   total 114688K, used 19934K [0x00000000c1c00000, 0x0000000100000000)
  region size 1024K, 4 young (4096K), 4 survivors (4096K)
 Metaspace       used 43057K, capacity 44171K, committed 44208K, reserved 1093632K
  class space    used 5402K, capacity 5855K, committed 5888K, reserved 1048576K
GC Heap History (10 events):
Event: 4.659 GC heap after
{Heap after GC invocations=9 (full 0):
 garbage-first heap   total 78848K, used 12652K [0x00000000c1c00000, 0x0000000100000000)
  region size 1024K, 5 young (5120K), 5 survivors (5120K)
 Metaspace       used 26753K, capacity 27591K, committed 27696K, reserved 1073152K
  class space    used 3290K, capacity 3613K, committed 3712K, reserved 1048576K
}
Event: 6.140 GC heap before
{Heap before GC invocations=9 (full 0):
 garbage-first heap   total 78848K, used 53612K [0x00000000c1c00000, 0x0000000100000000)
  region size 1024K, 46 young (47104K), 5 survivors (5120K)
 Metaspace       used 30953K, capacity 32057K, committed 32176K, reserved 1077248K
  class space    used 3816K, capacity 4251K, committed 4352K, reserved 1048576K
}
Event: 6.166 GC heap after
{Heap after GC invocations=10 (full 0):
 garbage-first heap   total 95232K, used 15840K [0x00000000c1c00000, 0x0000000100000000)
  region size 1024K, 6 young (6144K), 6 survivors (6144K)
 Metaspace       used 30953K, capacity 32057K, committed 32176K, reserved 1077248K
  class space    used 3816K, capacity 4251K, committed 4352K, reserved 1048576K
}
Event: 6.412 GC heap before
{Heap before GC invocations=10 (full 0):
 garbage-first heap   total 95232K, used 60896K [0x00000000c1c00000, 0x0000000100000000)
  region size 1024K, 51 young (52224K), 6 survivors (6144K)
 Metaspace       used 31524K, capacity 32682K, committed 32688K, reserved 1077248K
  class space    used 3895K, capacity 4352K, committed 4352K, reserved 1048576K
}
Event: 6.429 GC heap after
{Heap after GC invocations=11 (full 0):
 garbage-first heap   total 95232K, used 16010K [0x00000000c1c00000, 0x0000000100000000)
  region size 1024K, 4 young (4096K), 4 survivors (4096K)
 Metaspace       used 31524K, capacity 32682K, committed 32688K, reserved 1077248K
  class space    used 3895K, capacity 4352K, committed 4352K, reserved 1048576K
}
Event: 6.944 GC heap before
{Heap before GC invocations=11 (full 0):
 garbage-first heap   total 95232K, used 40586K [0x00000000c1c00000, 0x0000000100000000)
  region size 1024K, 29 young (29696K), 4 survivors (4096K)
 Metaspace       used 34702K, capacity 35779K, committed 35888K, reserved 1081344K
  class space    used 4192K, capacity 4659K, committed 4736K, reserved 1048576K
}
Event: 6.954 GC heap after
{Heap after GC invocations=12 (full 0):
 garbage-first heap   total 95232K, used 17944K [0x00000000c1c00000, 0x0000000100000000)
  region size 1024K, 6 young (6144K), 6 survivors (6144K)
 Metaspace       used 34702K, capacity 35779K, committed 35888K, reserved 1081344K
  class space    used 4192K, capacity 4659K, committed 4736K, reserved 1048576K
}
Event: 8.107 GC heap before
{Heap before GC invocations=13 (full 0):
 garbage-first heap   total 95232K, used 63000K [0x00000000c1c00000, 0x0000000100000000)
  region size 1024K, 50 young (51200K), 6 survivors (6144K)
 Metaspace       used 42266K, capacity 43396K, committed 43696K, reserved 1087488K
  class space    used 5305K, capacity 5788K, committed 5888K, reserved 1048576K
}
Event: 8.120 GC heap after
{Heap after GC invocations=14 (full 0):
 garbage-first heap   total 95232K, used 19559K [0x00000000c1c00000, 0x0000000100000000)
  region size 1024K, 4 young (4096K), 4 survivors (4096K)
 Metaspace       used 42266K, capacity 43396K, committed 43696K, reserved 1087488K
  class space    used 5305K, capacity 5788K, committed 5888K, reserved 1048576K
}
Event: 8.328 GC heap before
{Heap before GC invocations=15 (full 0):
 garbage-first heap   total 95232K, used 23655K [0x00000000c1c00000, 0x0000000100000000)
  region size 1024K, 9 young (9216K), 4 survivors (4096K)
 Metaspace       used 43057K, capacity 44171K, committed 44208K, reserved 1093632K
  class space    used 5402K, capacity 5855K, committed 5888K, reserved 1048576K
}

