# JRE version: Java(TM) SE Runtime Environment 18.9 (11.0.11+9) (build 11.0.11+9-LTS-194)
# Java VM: Java HotSpot(TM) 64-Bit Server VM 18.9 (11.0.11+9-LTS-194, mixed mode, tiered, compressed oops, g1 gc, windows-amd64)
Heap:
 garbage-first heap   total 262144K, used 29378K [0x00000000e0000000, 0x0000000100000000)
  region size 1024K, 14 young (14336K), 1 survivors (1024K)
 Metaspace       used 21862K, capacity 22460K, committed 22652K, reserved 274432K
  class space    used 2743K, capacity 2945K, committed 3072K, reserved 253952K
GC Heap History (10 events):
Event: 0.778 GC heap before
{Heap before GC invocations=0 (full 0):
 garbage-first heap   total 262144K, used 19456K [0x00000000e0000000, 0x0000000100000000)
  region size 1024K, 14 young (14336K), 0 survivors (0K)
 Metaspace       used 6764K, capacity 6997K, committed 7168K, reserved 262144K
  class space    used 584K, capacity 650K, committed 768K, reserved 253952K
}
Event: 0.877 GC heap after
{Heap after GC invocations=1 (full 0):
 garbage-first heap   total 262144K, used 8060K [0x00000000e0000000, 0x0000000100000000)
  region size 1024K, 2 young (2048K), 2 survivors (2048K)
 Metaspace       used 6764K, capacity 6997K, committed 7168K, reserved 262144K
  class space    used 584K, capacity 650K, committed 768K, reserved 253952K
}
Event: 1.651 GC heap before
{Heap before GC invocations=1 (full 0):
 garbage-first heap   total 262144K, used 18300K [0x00000000e0000000, 0x0000000100000000)
  region size 1024K, 12 young (12288K), 2 survivors (2048K)
 Metaspace       used 10172K, capacity 10432K, committed 10624K, reserved 264192K
  class space    used 1057K, capacity 1140K, committed 1152K, reserved 253952K
}
Event: 1.655 GC heap after
{Heap after GC invocations=2 (full 0):
 garbage-first heap   total 262144K, used 9392K [0x00000000e0000000, 0x0000000100000000)
  region size 1024K, 2 young (2048K), 2 survivors (2048K)
 Metaspace       used 10172K, capacity 10432K, committed 10624K, reserved 264192K
  class space    used 1057K, capacity 1140K, committed 1152K, reserved 253952K
}
Event: 2.665 GC heap before
{Heap before GC invocations=2 (full 0):
 garbage-first heap   total 262144K, used 33968K [0x00000000e0000000, 0x0000000100000000)
  region size 1024K, 27 young (27648K), 2 survivors (2048K)
 Metaspace       used 11146K, capacity 11449K, committed 11520K, reserved 264192K
  class space    used 1161K, capacity 1244K, committed 1280K, reserved 253952K
}
Event: 2.670 GC heap after
{Heap after GC invocations=3 (full 0):
 garbage-first heap   total 262144K, used 10004K [0x00000000e0000000, 0x0000000100000000)
  region size 1024K, 2 young (2048K), 2 survivors (2048K)
 Metaspace       used 11146K, capacity 11449K, committed 11520K, reserved 264192K
  class space    used 1161K, capacity 1244K, committed 1280K, reserved 253952K
}
Event: 5.582 GC heap before
{Heap before GC invocations=3 (full 0):
 garbage-first heap   total 262144K, used 63252K [0x00000000e0000000, 0x0000000100000000)
  region size 1024K, 54 young (55296K), 2 survivors (2048K)
 Metaspace       used 18423K, capacity 18898K, committed 19072K, reserved 272384K
  class space    used 2193K, capacity 2346K, committed 2432K, reserved 253952K
}
Event: 5.597 GC heap after
{Heap after GC invocations=4 (full 0):
 garbage-first heap   total 262144K, used 16229K [0x00000000e0000000, 0x0000000100000000)
  region size 1024K, 7 young (7168K), 7 survivors (7168K)
 Metaspace       used 18423K, capacity 18898K, committed 19072K, reserved 272384K
  class space    used 2193K, capacity 2346K, committed 2432K, reserved 253952K
}
Event: 5.943 GC heap before
{Heap before GC invocations=4 (full 0):
 garbage-first heap   total 262144K, used 33637K [0x00000000e0000000, 0x0000000100000000)
  region size 1024K, 25 young (25600K), 7 survivors (7168K)
 Metaspace       used 20547K, capacity 21119K, committed 21296K, reserved 274432K
  class space    used 2499K, capacity 2666K, committed 2688K, reserved 253952K
}
Event: 5.961 GC heap after
{Heap after GC invocations=5 (full 0):
 garbage-first heap   total 262144K, used 17090K [0x00000000e0000000, 0x0000000100000000)
  region size 1024K, 1 young (1024K), 1 survivors (1024K)
 Metaspace       used 20547K, capacity 21119K, committed 21296K, reserved 274432K
  class space    used 2499K, capacity 2666K, committed 2688K, reserved 253952K
}

